warning: Git tree '/persist/etc/nixos' is dirty
trace: Enabling i3 & LightDM
trace: Enabling Gnome & GDM
trace: Enabling ZFS core configuration.
trace: Enabling ZFS Ephemeral Mounts.
trace: Enabling vfio support
trace: Adding Udev Rules for desktop devices
trace: Enabling Desktop Support
trace: Enabling lib virt.
building the system configuration...
warning: Git tree '/persist/etc/nixos' is dirty
trace: Enabling i3 & LightDM
trace: Enabling Gnome & GDM
trace: Enabling ZFS core configuration.
trace: Enabling ZFS Ephemeral Mounts.
trace: Enabling vfio support
trace: Adding Udev Rules for desktop devices
trace: Enabling Desktop Support
trace: Enabling lib virt.
trace: Enabling git configuration for user: sobrien
trace: Enabling zsh for user: sobrien
trace: Enabling Home Manager For: sobrien
trace: Enabling bind for /etc/nixos to /home/sobrien/.nixos
trace: Creating user: sobrien
trace: Creating group for user: sobrien named: sobrien
evaluation warning: `programs.zsh.initExtra` is deprecated, use `programs.zsh.initContent` instead.

                    Example: programs.zsh.initContent = "your content here";
evaluation warning: sobrien profile: The option `programs.zsh.enableAutosuggestions' defined in `/nix/store/mx1y0gx74z9z87z0d49nhnxj43h5m6mx-source/components/general/zsh' has been renamed to `programs.zsh.autosuggestion.enable'.
updating GRUB 2 menu...
Warning: os-prober will be executed to detect other bootable partitions.
Its output will be used to detect bootable binaries on them and create new boot entries.
lsblk: /dev/mapper/no*[0-9]: not a block device
lsblk: /dev/mapper/block*[0-9]: not a block device
lsblk: /dev/mapper/devices*[0-9]: not a block device
lsblk: /dev/mapper/found*[0-9]: not a block device
activating the configuration...
sops-install-secrets: Imported /etc/ssh/ssh_host_ed25519_key as age key with fingerprint age1nyalaq2rtat8e4vanv0mnek9nea39k0hp2e9jwyadee2svs7dpvshxu3e9
reloading user units for sobrien...
restarting sysinit-reactivation.target
the following new units were started: snapperd.service
Done. The new configuration is 